********************************************************************************
DUPLICATOR-LITE PACKAGE-LOG: 20 February, 2019 10:32 am
NOTICE: Do NOT post to public sites or forums 
********************************************************************************
VERSION:	1.3.4
WORDPRESS:	5.0.3
PHP INFO:	7.3.1 | SAPI: apache2handler
SERVER:		Apache/2.4.37 (Win32) OpenSSL/1.1.1a PHP/7.3.1 
PHP TIME LIMIT: (0) no time limit imposed 
PHP MAX MEMORY: 2048M (128M default) 
MEMORY STACK: 6MB 

********************************************************************************
DATABASE:
********************************************************************************
BUILD MODE:   MYSQLDUMP
MYSQLTIMEOUT: 5000
MYSQLDUMP:    Is Supported 
SQL CREATED: 20190220_tinhtefake_1aeaf99b3b8499fc8743_20190220103203_database.sql 
SQL FILE SIZE: 3.8MB (3982213) 
SQL FILE TIME: 2019-02-20 10:32:14 
SQL RUNTIME: 2.82 sec. 

******************************************************************************** 
ARCHIVE (ZIP): 
******************************************************************************** 
ARCHIVE DIR:  C:/xampp/htdocs/wp-elementor/wp/wordpress 
ARCHIVE FILE: 20190220_tinhtefake_1aeaf99b3b8499fc8743_20190220103203_archive.zip 
FILTERS: *OFF* 
DIRS:
	not set 
FILES:
	not set 
EXTS:  not set 
---------------------------------------- 
COMPRESSING 
SIZE:	92.08MB 
STATS:	Dirs 427 | Files 3,467 
SQL ADDED: 20190220_tinhtefake_1aeaf99b3b8499fc8743_20190220103203_database.sql 
ZipArchive Object
(
    [status] => 0
    [statusSys] => 0
    [numFiles] => 3894
    [filename] => C:\xampp\htdocs\wp-elementor\wp\wordpress\wp-snapshots\tmp\20190220_tinhtefake_1aeaf99b3b8499fc8743_20190220103203_archive.zip
    [comment] => 
)
 
COMPRESSION RESULT: '1' 
COMPRESSED SIZE: 51.53MB 
ARCHIVE RUNTIME: 5.65 sec. 
MEMORY STACK: 8MB 
building installer 
add_extra_files1 
add_extra_files2 
add_extra_files3 
add_extra_files4 
Doing archive file check 
add_extra_files5 
add_extra_files6 
add_extra_files8 
Successfully opened zip C:/xampp/htdocs/wp-elementor/wp/wordpress/wp-snapshots/tmp/20190220_tinhtefake_1aeaf99b3b8499fc8743_20190220103203_archive.zip 
Adding enhanced installer files to archive using ZipArchive 
Installer files added to archive 
Added to archive 
After ziparchive close when adding installer 

******************************************************************************** 
INTEGRITY CHECKS: 
******************************************************************************** 
SQL File: 3.8MB 
Installer File: 34.62KB 
Archive File: 52.37MB  

********************************************************************************
RECORD ID:[2]
TOTAL PROCESS RUNTIME: 8.90 sec.
PEAK PHP MEMORY USED: 10MB
DONE PROCESSING => 20190220_tinhtefake 20 February, 2019 10:32 am
 
